Build started 2020/3/11 16:10:22.
     1>Project "D:\gitHub\GuangPoRepository\pcl_source_1.7.2\build_pcl_master\ALL_BUILD.vcxproj" on node 3 (Build target(s)).
     1>C:\Program Files (x86)\MSBuild\12.0\bin\Microsoft.Common.CurrentVersion.targets(1492,5): warning : The referenced project 'F:/pcl_source_1.7.2/build_pcl_master/ZERO_CHECK.vcxproj' does not exist.
     1>C:\Program Files (x86)\MSBuild\12.0\bin\Microsoft.Common.CurrentVersion.targets(1492,5): warning : The referenced project 'F:/pcl_source_1.7.2/build_pcl_master/tools/pcl_add_gaussian_noise.vcxproj' does not exist.
     1>C:\Program Files (x86)\MSBuild\12.0\bin\Microsoft.Common.CurrentVersion.targets(1492,5): warning : The referenced project 'F:/pcl_source_1.7.2/build_pcl_master/apps/pcl_apps.vcxproj' does not exist.
     1>C:\Program Files (x86)\MSBuild\12.0\bin\Microsoft.Common.CurrentVersion.targets(1492,5): warning : The referenced project 'F:/pcl_source_1.7.2/build_pcl_master/tools/pcl_boundary_estimation.vcxproj' does not exist.
     1>C:\Program Files (x86)\MSBuild\12.0\bin\Microsoft.Common.CurrentVersion.targets(1492,5): warning : The referenced project 'F:/pcl_source_1.7.2/build_pcl_master/tools/pcl_cluster_extraction.vcxproj' does not exist.
     1>C:\Program Files (x86)\MSBuild\12.0\bin\Microsoft.Common.CurrentVersion.targets(1492,5): warning : The referenced project 'F:/pcl_source_1.7.2/build_pcl_master/common/pcl_common.vcxproj' does not exist.
     1>C:\Program Files (x86)\MSBuild\12.0\bin\Microsoft.Common.CurrentVersion.targets(1492,5): warning : The referenced project 'F:/pcl_source_1.7.2/build_pcl_master/tools/pcl_compute_cloud_error.vcxproj' does not exist.
     1>C:\Program Files (x86)\MSBuild\12.0\bin\Microsoft.Common.CurrentVersion.targets(1492,5): warning : The referenced project 'F:/pcl_source_1.7.2/build_pcl_master/tools/pcl_compute_hausdorff.vcxproj' does not exist.
     1>C:\Program Files (x86)\MSBuild\12.0\bin\Microsoft.Common.CurrentVersion.targets(1492,5): warning : The referenced project 'F:/pcl_source_1.7.2/build_pcl_master/tools/pcl_compute_hull.vcxproj' does not exist.
     1>C:\Program Files (x86)\MSBuild\12.0\bin\Microsoft.Common.CurrentVersion.targets(1492,5): warning : The referenced project 'F:/pcl_source_1.7.2/build_pcl_master/tools/pcl_concatenate_points_pcd.vcxproj' does not exist.
     1>C:\Program Files (x86)\MSBuild\12.0\bin\Microsoft.Common.CurrentVersion.targets(1492,5): warning : The referenced project 'F:/pcl_source_1.7.2/build_pcl_master/io/tools/pcl_convert_pcd_ascii_binary.vcxproj' does not exist.
     1>C:\Program Files (x86)\MSBuild\12.0\bin\Microsoft.Common.CurrentVersion.targets(1492,5): warning : The referenced project 'F:/pcl_source_1.7.2/build_pcl_master/io/tools/pcl_converter.vcxproj' does not exist.
     1>C:\Program Files (x86)\MSBuild\12.0\bin\Microsoft.Common.CurrentVersion.targets(1492,5): warning : The referenced project 'F:/pcl_source_1.7.2/build_pcl_master/apps/pcl_convolve.vcxproj' does not exist.
     1>C:\Program Files (x86)\MSBuild\12.0\bin\Microsoft.Common.CurrentVersion.targets(1492,5): warning : The referenced project 'F:/pcl_source_1.7.2/build_pcl_master/tools/pcl_crf_segmentation.vcxproj' does not exist.
     1>C:\Program Files (x86)\MSBuild\12.0\bin\Microsoft.Common.CurrentVersion.targets(1492,5): warning : The referenced project 'F:/pcl_source_1.7.2/build_pcl_master/tools/pcl_crop_to_hull.vcxproj' does not exist.
     1>C:\Program Files (x86)\MSBuild\12.0\bin\Microsoft.Common.CurrentVersion.targets(1492,5): warning : The referenced project 'F:/pcl_source_1.7.2/build_pcl_master/tools/pcl_demean_cloud.vcxproj' does not exist.
     1>C:\Program Files (x86)\MSBuild\12.0\bin\Microsoft.Common.CurrentVersion.targets(1492,5): warning : The referenced project 'F:/pcl_source_1.7.2/build_pcl_master/tools/pcl_elch.vcxproj' does not exist.
     1>C:\Program Files (x86)\MSBuild\12.0\bin\Microsoft.Common.CurrentVersion.targets(1492,5): warning : The referenced project 'F:/pcl_source_1.7.2/build_pcl_master/examples/common/pcl_example_check_if_point_is_valid.vcxproj' does not exist.
     1>C:\Program Files (x86)\MSBuild\12.0\bin\Microsoft.Common.CurrentVersion.targets(1492,5): warning : The referenced project 'F:/pcl_source_1.7.2/build_pcl_master/examples/common/pcl_example_copy_point_cloud.vcxproj' does not exist.
     1>C:\Program Files (x86)\MSBuild\12.0\bin\Microsoft.Common.CurrentVersion.targets(1492,5): warning : The referenced project 'F:/pcl_source_1.7.2/build_pcl_master/examples/segmentation/pcl_example_cpc_segmentation.vcxproj' does not exist.
     1>C:\Program Files (x86)\MSBuild\12.0\bin\Microsoft.Common.CurrentVersion.targets(1492,5): warning : The referenced project 'F:/pcl_source_1.7.2/build_pcl_master/examples/features/pcl_example_difference_of_normals.vcxproj' does not exist.
     1>C:\Program Files (x86)\MSBuild\12.0\bin\Microsoft.Common.CurrentVersion.targets(1492,5): warning : The referenced project 'F:/pcl_source_1.7.2/build_pcl_master/examples/segmentation/pcl_example_extract_clusters_normals.vcxproj' does not exist.
     1>C:\Program Files (x86)\MSBuild\12.0\bin\Microsoft.Common.CurrentVersion.targets(1492,5): warning : The referenced project 'F:/pcl_source_1.7.2/build_pcl_master/examples/filters/pcl_example_extract_indices.vcxproj' does not exist.
     1>C:\Program Files (x86)\MSBuild\12.0\bin\Microsoft.Common.CurrentVersion.targets(1492,5): warning : The referenced project 'F:/pcl_source_1.7.2/build_pcl_master/examples/features/pcl_example_fast_point_feature_histograms.vcxproj' does not exist.
     1>C:\Program Files (x86)\MSBuild\12.0\bin\Microsoft.Common.CurrentVersion.targets(1492,5): warning : The referenced project 'F:/pcl_source_1.7.2/build_pcl_master/examples/keypoints/pcl_example_get_keypoints_indices.vcxproj' does not exist.
     1>C:\Program Files (x86)\MSBuild\12.0\bin\Microsoft.Common.CurrentVersion.targets(1492,5): warning : The referenced project 'F:/pcl_source_1.7.2/build_pcl_master/examples/common/pcl_example_get_max_min_coordinates.vcxproj' does not exist.
     1>C:\Program Files (x86)\MSBuild\12.0\bin\Microsoft.Common.CurrentVersion.targets(1492,5): warning : The referenced project 'F:/pcl_source_1.7.2/build_pcl_master/examples/geometry/pcl_example_half_edge_mesh.vcxproj' does not exist.
     1>C:\Program Files (x86)\MSBuild\12.0\bin\Microsoft.Common.CurrentVersion.targets(1492,5): warning : The referenced project 'F:/pcl_source_1.7.2/build_pcl_master/examples/segmentation/pcl_example_lccp_segmentation.vcxproj' does not exist.
     1>C:\Program Files (x86)\MSBuild\12.0\bin\Microsoft.Common.CurrentVersion.targets(1492,5): warning : The referenced project 'F:/pcl_source_1.7.2/build_pcl_master/examples/features/pcl_example_normal_estimation.vcxproj' does not exist.
     1>C:\Program Files (x86)\MSBuild\12.0\bin\Microsoft.Common.CurrentVersion.targets(1492,5): warning : The referenced project 'F:/pcl_source_1.7.2/build_pcl_master/examples/common/pcl_example_organized_point_cloud.vcxproj' does not exist.
     1>C:\Program Files (x86)\MSBuild\12.0\bin\Microsoft.Common.CurrentVersion.targets(1492,5): warning : The referenced project 'F:/pcl_source_1.7.2/build_pcl_master/examples/outofcore/pcl_example_outofcore.vcxproj' does not exist.
     1>C:\Program Files (x86)\MSBuild\12.0\bin\Microsoft.Common.CurrentVersion.targets(1492,5): warning : The referenced project 'F:/pcl_source_1.7.2/build_pcl_master/examples/outofcore/pcl_example_outofcore_with_lod.vcxproj' does not exist.
     1>C:\Program Files (x86)\MSBuild\12.0\bin\Microsoft.Common.CurrentVersion.targets(1492,5): warning : The referenced project 'F:/pcl_source_1.7.2/build_pcl_master/examples/features/pcl_example_point_feature_histograms.vcxproj' does not exist.
     1>C:\Program Files (x86)\MSBuild\12.0\bin\Microsoft.Common.CurrentVersion.targets(1492,5): warning : The referenced project 'F:/pcl_source_1.7.2/build_pcl_master/examples/features/pcl_example_principal_curvatures_estimation.vcxproj' does not exist.
     1>C:\Program Files (x86)\MSBuild\12.0\bin\Microsoft.Common.CurrentVersion.targets(1492,5): warning : The referenced project 'F:/pcl_source_1.7.2/build_pcl_master/examples/segmentation/pcl_example_region_growing.vcxproj' does not exist.
     1>C:\Program Files (x86)\MSBuild\12.0\bin\Microsoft.Common.CurrentVersion.targets(1492,5): warning : The referenced project 'F:/pcl_source_1.7.2/build_pcl_master/examples/filters/pcl_example_remove_nan_from_point_cloud.vcxproj' does not exist.
     1>C:\Program Files (x86)\MSBuild\12.0\bin\Microsoft.Common.CurrentVersion.targets(1492,5): warning : The referenced project 'F:/pcl_source_1.7.2/build_pcl_master/examples/features/pcl_example_rift_estimation.vcxproj' does not exist.
     1>C:\Program Files (x86)\MSBuild\12.0\bin\Microsoft.Common.CurrentVersion.targets(1492,5): warning : The referenced project 'F:/pcl_source_1.7.2/build_pcl_master/examples/common/pcl_example_scope_time.vcxproj' does not exist.
     1>C:\Program Files (x86)\MSBuild\12.0\bin\Microsoft.Common.CurrentVersion.targets(1492,5): warning : The referenced project 'F:/pcl_source_1.7.2/build_pcl_master/examples/features/pcl_example_shape_contexts.vcxproj' does not exist.
     1>C:\Program Files (x86)\MSBuild\12.0\bin\Microsoft.Common.CurrentVersion.targets(1492,5): warning : The referenced project 'F:/pcl_source_1.7.2/build_pcl_master/examples/keypoints/pcl_example_sift_keypoint_estimation.vcxproj' does not exist.
     1>C:\Program Files (x86)\MSBuild\12.0\bin\Microsoft.Common.CurrentVersion.targets(1492,5): warning : The referenced project 'F:/pcl_source_1.7.2/build_pcl_master/examples/keypoints/pcl_example_sift_normal_keypoint_estimation.vcxproj' does not exist.
     1>C:\Program Files (x86)\MSBuild\12.0\bin\Microsoft.Common.CurrentVersion.targets(1492,5): warning : The referenced project 'F:/pcl_source_1.7.2/build_pcl_master/examples/keypoints/pcl_example_sift_z_keypoint_estimation.vcxproj' does not exist.
     1>C:\Program Files (x86)\MSBuild\12.0\bin\Microsoft.Common.CurrentVersion.targets(1492,5): warning : The referenced project 'F:/pcl_source_1.7.2/build_pcl_master/examples/features/pcl_example_spin_images.vcxproj' does not exist.
     1>C:\Program Files (x86)\MSBuild\12.0\bin\Microsoft.Common.CurrentVersion.targets(1492,5): warning : The referenced project 'F:/pcl_source_1.7.2/build_pcl_master/examples/stereo/pcl_example_stereo_baseline.vcxproj' does not exist.
     1>C:\Program Files (x86)\MSBuild\12.0\bin\Microsoft.Common.CurrentVersion.targets(1492,5): warning : The referenced project 'F:/pcl_source_1.7.2/build_pcl_master/examples/segmentation/pcl_example_supervoxels.vcxproj' does not exist.
     1>C:\Program Files (x86)\MSBuild\12.0\bin\Microsoft.Common.CurrentVersion.targets(1492,5): warning : The referenced project 'F:/pcl_source_1.7.2/build_pcl_master/tools/pcl_extract_feature.vcxproj' does not exist.
     1>C:\Program Files (x86)\MSBuild\12.0\bin\Microsoft.Common.CurrentVersion.targets(1492,5): warning : The referenced project 'F:/pcl_source_1.7.2/build_pcl_master/apps/pcl_face_trainer.vcxproj' does not exist.
     1>C:\Program Files (x86)\MSBuild\12.0\bin\Microsoft.Common.CurrentVersion.targets(1492,5): warning : The referenced project 'F:/pcl_source_1.7.2/build_pcl_master/tools/pcl_fast_bilateral_filter.vcxproj' does not exist.
     1>C:\Program Files (x86)\MSBuild\12.0\bin\Microsoft.Common.CurrentVersion.targets(1492,5): warning : The referenced project 'F:/pcl_source_1.7.2/build_pcl_master/apps/pcl_feature_matching.vcxproj' does not exist.
     1>C:\Program Files (x86)\MSBuild\12.0\bin\Microsoft.Common.CurrentVersion.targets(1492,5): warning : The referenced project 'F:/pcl_source_1.7.2/build_pcl_master/features/pcl_features.vcxproj' does not exist.
     1>C:\Program Files (x86)\MSBuild\12.0\bin\Microsoft.Common.CurrentVersion.targets(1492,5): warning : The referenced project 'F:/pcl_source_1.7.2/build_pcl_master/filters/pcl_filters.vcxproj' does not exist.
     1>C:\Program Files (x86)\MSBuild\12.0\bin\Microsoft.Common.CurrentVersion.targets(1492,5): warning : The referenced project 'F:/pcl_source_1.7.2/build_pcl_master/tools/pcl_fpfh_estimation.vcxproj' does not exist.
     1>C:\Program Files (x86)\MSBuild\12.0\bin\Microsoft.Common.CurrentVersion.targets(1492,5): warning : The referenced project 'F:/pcl_source_1.7.2/build_pcl_master/apps/pcl_fs_face_detector.vcxproj' does not exist.
     1>C:\Program Files (x86)\MSBuild\12.0\bin\Microsoft.Common.CurrentVersion.targets(1492,5): warning : The referenced project 'F:/pcl_source_1.7.2/build_pcl_master/tools/pcl_generate.vcxproj' does not exist.
     1>C:\Program Files (x86)\MSBuild\12.0\bin\Microsoft.Common.CurrentVersion.targets(1492,5): warning : The referenced project 'F:/pcl_source_1.7.2/build_pcl_master/tools/pcl_gp3_surface.vcxproj' does not exist.
     1>C:\Program Files (x86)\MSBuild\12.0\bin\Microsoft.Common.CurrentVersion.targets(1492,5): warning : The referenced project 'F:/pcl_source_1.7.2/build_pcl_master/tools/pcl_grid_min.vcxproj' does not exist.
     1>C:\Program Files (x86)\MSBuild\12.0\bin\Microsoft.Common.CurrentVersion.targets(1492,5): warning : The referenced project 'F:/pcl_source_1.7.2/build_pcl_master/io/tools/pcl_hdl_grabber.vcxproj' does not exist.
     1>C:\Program Files (x86)\MSBuild\12.0\bin\Microsoft.Common.CurrentVersion.targets(1492,5): warning : The referenced project 'F:/pcl_source_1.7.2/build_pcl_master/visualization/tools/pcl_hdl_viewer_simple.vcxproj' does not exist.
     1>C:\Program Files (x86)\MSBuild\12.0\bin\Microsoft.Common.CurrentVersion.targets(1492,5): warning : The referenced project 'F:/pcl_source_1.7.2/build_pcl_master/tools/pcl_icp.vcxproj' does not exist.
     1>C:\Program Files (x86)\MSBuild\12.0\bin\Microsoft.Common.CurrentVersion.targets(1492,5): warning : The referenced project 'F:/pcl_source_1.7.2/build_pcl_master/tools/pcl_icp2d.vcxproj' does not exist.
     1>C:\Program Files (x86)\MSBuild\12.0\bin\Microsoft.Common.CurrentVersion.targets(1492,5): warning : The referenced project 'F:/pcl_source_1.7.2/build_pcl_master/io/pcl_io.vcxproj' does not exist.
     1>C:\Program Files (x86)\MSBuild\12.0\bin\Microsoft.Common.CurrentVersion.targets(1492,5): warning : The referenced project 'F:/pcl_source_1.7.2/build_pcl_master/io/pcl_io_ply.vcxproj' does not exist.
     1>C:\Program Files (x86)\MSBuild\12.0\bin\Microsoft.Common.CurrentVersion.targets(1492,5): warning : The referenced project 'F:/pcl_source_1.7.2/build_pcl_master/kdtree/pcl_kdtree.vcxproj' does not exist.
     1>C:\Program Files (x86)\MSBuild\12.0\bin\Microsoft.Common.CurrentVersion.targets(1492,5): warning : The referenced project 'F:/pcl_source_1.7.2/build_pcl_master/keypoints/pcl_keypoints.vcxproj' does not exist.
     1>C:\Program Files (x86)\MSBuild\12.0\bin\Microsoft.Common.CurrentVersion.targets(1492,5): warning : The referenced project 'F:/pcl_source_1.7.2/build_pcl_master/tools/pcl_linemod_detection.vcxproj' does not exist.
     1>C:\Program Files (x86)\MSBuild\12.0\bin\Microsoft.Common.CurrentVersion.targets(1492,5): warning : The referenced project 'F:/pcl_source_1.7.2/build_pcl_master/tools/pcl_local_max.vcxproj' does not exist.
     1>C:\Program Files (x86)\MSBuild\12.0\bin\Microsoft.Common.CurrentVersion.targets(1492,5): warning : The referenced project 'F:/pcl_source_1.7.2/build_pcl_master/tools/pcl_lum.vcxproj' does not exist.
     1>C:\Program Files (x86)\MSBuild\12.0\bin\Microsoft.Common.CurrentVersion.targets(1492,5): warning : The referenced project 'F:/pcl_source_1.7.2/build_pcl_master/apps/pcl_manual_registration.vcxproj' does not exist.
     1>C:\Program Files (x86)\MSBuild\12.0\bin\Microsoft.Common.CurrentVersion.targets(1492,5): warning : The referenced project 'F:/pcl_source_1.7.2/build_pcl_master/tools/pcl_marching_cubes_reconstruction.vcxproj' does not exist.
     1>C:\Program Files (x86)\MSBuild\12.0\bin\Microsoft.Common.CurrentVersion.targets(1492,5): warning : The referenced project 'F:/pcl_source_1.7.2/build_pcl_master/tools/pcl_match_linemod_template.vcxproj' does not exist.
     1>C:\Program Files (x86)\MSBuild\12.0\bin\Microsoft.Common.CurrentVersion.targets(1492,5): warning : The referenced project 'F:/pcl_source_1.7.2/build_pcl_master/tools/pcl_mesh2pcd.vcxproj' does not exist.
     1>C:\Program Files (x86)\MSBuild\12.0\bin\Microsoft.Common.CurrentVersion.targets(1492,5): warning : The referenced project 'F:/pcl_source_1.7.2/build_pcl_master/tools/pcl_mesh_sampling.vcxproj' does not exist.
     1>C:\Program Files (x86)\MSBuild\12.0\bin\Microsoft.Common.CurrentVersion.targets(1492,5): warning : The referenced project 'F:/pcl_source_1.7.2/build_pcl_master/ml/pcl_ml.vcxproj' does not exist.
     1>C:\Program Files (x86)\MSBuild\12.0\bin\Microsoft.Common.CurrentVersion.targets(1492,5): warning : The referenced project 'F:/pcl_source_1.7.2/build_pcl_master/tools/pcl_mls_smoothing.vcxproj' does not exist.
     1>C:\Program Files (x86)\MSBuild\12.0\bin\Microsoft.Common.CurrentVersion.targets(1492,5): warning : The referenced project 'F:/pcl_source_1.7.2/build_pcl_master/tools/pcl_morph.vcxproj' does not exist.
     1>C:\Program Files (x86)\MSBuild\12.0\bin\Microsoft.Common.CurrentVersion.targets(1492,5): warning : The referenced project 'F:/pcl_source_1.7.2/build_pcl_master/apps/pcl_multiscale_feature_persistence_example.vcxproj' does not exist.
     1>C:\Program Files (x86)\MSBuild\12.0\bin\Microsoft.Common.CurrentVersion.targets(1492,5): warning : The referenced project 'F:/pcl_source_1.7.2/build_pcl_master/tools/pcl_ndt2d.vcxproj' does not exist.
     1>C:\Program Files (x86)\MSBuild\12.0\bin\Microsoft.Common.CurrentVersion.targets(1492,5): warning : The referenced project 'F:/pcl_source_1.7.2/build_pcl_master/tools/pcl_ndt3d.vcxproj' does not exist.
     1>C:\Program Files (x86)\MSBuild\12.0\bin\Microsoft.Common.CurrentVersion.targets(1492,5): warning : The referenced project 'F:/pcl_source_1.7.2/build_pcl_master/apps/pcl_nn_classification_example.vcxproj' does not exist.
     1>C:\Program Files (x86)\MSBuild\12.0\bin\Microsoft.Common.CurrentVersion.targets(1492,5): warning : The referenced project 'F:/pcl_source_1.7.2/build_pcl_master/tools/pcl_normal_estimation.vcxproj' does not exist.
     1>C:\Program Files (x86)\MSBuild\12.0\bin\Microsoft.Common.CurrentVersion.targets(1492,5): warning : The referenced project 'F:/pcl_source_1.7.2/build_pcl_master/tools/pcl_obj2pcd.vcxproj' does not exist.
     1>C:\Program Files (x86)\MSBuild\12.0\bin\Microsoft.Common.CurrentVersion.targets(1492,5): warning : The referenced project 'F:/pcl_source_1.7.2/build_pcl_master/tools/pcl_obj2ply.vcxproj' does not exist.
     1>C:\Program Files (x86)\MSBuild\12.0\bin\Microsoft.Common.CurrentVersion.targets(1492,5): warning : The referenced project 'F:/pcl_source_1.7.2/build_pcl_master/tools/pcl_obj2vtk.vcxproj' does not exist.
     1>C:\Program Files (x86)\MSBuild\12.0\bin\Microsoft.Common.CurrentVersion.targets(1492,5): warning : The referenced project 'F:/pcl_source_1.7.2/build_pcl_master/tools/pcl_obj_rec_ransac_accepted_hypotheses.vcxproj' does not exist.
     1>C:\Program Files (x86)\MSBuild\12.0\bin\Microsoft.Common.CurrentVersion.targets(1492,5): warning : The referenced project 'F:/pcl_source_1.7.2/build_pcl_master/tools/pcl_obj_rec_ransac_hash_table.vcxproj' does not exist.
     1>C:\Program Files (x86)\MSBuild\12.0\bin\Microsoft.Common.CurrentVersion.targets(1492,5): warning : The referenced project 'F:/pcl_source_1.7.2/build_pcl_master/tools/pcl_obj_rec_ransac_model_opps.vcxproj' does not exist.
     1>C:\Program Files (x86)\MSBuild\12.0\bin\Microsoft.Common.CurrentVersion.targets(1492,5): warning : The referenced project 'F:/pcl_source_1.7.2/build_pcl_master/tools/pcl_obj_rec_ransac_orr_octree.vcxproj' does not exist.
     1>C:\Program Files (x86)\MSBuild\12.0\bin\Microsoft.Common.CurrentVersion.targets(1492,5): warning : The referenced project 'F:/pcl_source_1.7.2/build_pcl_master/tools/pcl_obj_rec_ransac_orr_octree_zprojection.vcxproj' does not exist.
     1>C:\Program Files (x86)\MSBuild\12.0\bin\Microsoft.Common.CurrentVersion.targets(1492,5): warning : The referenced project 'F:/pcl_source_1.7.2/build_pcl_master/tools/pcl_obj_rec_ransac_result.vcxproj' does not exist.
     1>C:\Program Files (x86)\MSBuild\12.0\bin\Microsoft.Common.CurrentVersion.targets(1492,5): warning : The referenced project 'F:/pcl_source_1.7.2/build_pcl_master/tools/pcl_obj_rec_ransac_scene_opps.vcxproj' does not exist.
     1>C:\Program Files (x86)\MSBuild\12.0\bin\Microsoft.Common.CurrentVersion.targets(1492,5): warning : The referenced project 'F:/pcl_source_1.7.2/build_pcl_master/octree/pcl_octree.vcxproj' does not exist.
     1>C:\Program Files (x86)\MSBuild\12.0\bin\Microsoft.Common.CurrentVersion.targets(1492,5): warning : The referenced project 'F:/pcl_source_1.7.2/build_pcl_master/tools/pcl_octree_viewer.vcxproj' does not exist.
     1>C:\Program Files (x86)\MSBuild\12.0\bin\Microsoft.Common.CurrentVersion.targets(1492,5): warning : The referenced project 'F:/pcl_source_1.7.2/build_pcl_master/visualization/tools/pcl_openni2_viewer.vcxproj' does not exist.
     1>C:\Program Files (x86)\MSBuild\12.0\bin\Microsoft.Common.CurrentVersion.targets(1492,5): warning : The referenced project 'F:/pcl_source_1.7.2/build_pcl_master/tools/pcl_organized_pcd_to_png.vcxproj' does not exist.
     1>C:\Program Files (x86)\MSBuild\12.0\bin\Microsoft.Common.CurrentVersion.targets(1492,5): warning : The referenced project 'F:/pcl_source_1.7.2/build_pcl_master/tools/pcl_outlier_removal.vcxproj' does not exist.
     1>C:\Program Files (x86)\MSBuild\12.0\bin\Microsoft.Common.CurrentVersion.targets(1492,5): warning : The referenced project 'F:/pcl_source_1.7.2/build_pcl_master/outofcore/pcl_outofcore.vcxproj' does not exist.
     1>C:\Program Files (x86)\MSBuild\12.0\bin\Microsoft.Common.CurrentVersion.targets(1492,5): warning : The referenced project 'F:/pcl_source_1.7.2/build_pcl_master/outofcore/tools/pcl_outofcore_print.vcxproj' does not exist.
     1>C:\Program Files (x86)\MSBuild\12.0\bin\Microsoft.Common.CurrentVersion.targets(1492,5): warning : The referenced project 'F:/pcl_source_1.7.2/build_pcl_master/outofcore/tools/pcl_outofcore_process.vcxproj' does not exist.
     1>C:\Program Files (x86)\MSBuild\12.0\bin\Microsoft.Common.CurrentVersion.targets(1492,5): warning : The referenced project 'F:/pcl_source_1.7.2/build_pcl_master/outofcore/tools/pcl_outofcore_viewer.vcxproj' does not exist.
     1>C:\Program Files (x86)\MSBuild\12.0\bin\Microsoft.Common.CurrentVersion.targets(1492,5): warning : The referenced project 'F:/pcl_source_1.7.2/build_pcl_master/tools/pcl_passthrough_filter.vcxproj' does not exist.
     1>C:\Program Files (x86)\MSBuild\12.0\bin\Microsoft.Common.CurrentVersion.targets(1492,5): warning : The referenced project 'F:/pcl_source_1.7.2/build_pcl_master/tools/pcl_pcd2ply.vcxproj' does not exist.
     1>C:\Program Files (x86)\MSBuild\12.0\bin\Microsoft.Common.CurrentVersion.targets(1492,5): warning : The referenced project 'F:/pcl_source_1.7.2/build_pcl_master/tools/pcl_pcd2png.vcxproj' does not exist.
     1>C:\Program Files (x86)\MSBuild\12.0\bin\Microsoft.Common.CurrentVersion.targets(1492,5): warning : The referenced project 'F:/pcl_source_1.7.2/build_pcl_master/tools/pcl_pcd2vtk.vcxproj' does not exist.
     1>C:\Program Files (x86)\MSBuild\12.0\bin\Microsoft.Common.CurrentVersion.targets(1492,5): warning : The referenced project 'F:/pcl_source_1.7.2/build_pcl_master/tools/pcl_pcd_change_viewpoint.vcxproj' does not exist.
     1>C:\Program Files (x86)\MSBuild\12.0\bin\Microsoft.Common.CurrentVersion.targets(1492,5): warning : The referenced project 'F:/pcl_source_1.7.2/build_pcl_master/io/tools/pcl_pcd_convert_NaN_nan.vcxproj' does not exist.
     1>C:\Program Files (x86)\MSBuild\12.0\bin\Microsoft.Common.CurrentVersion.targets(1492,5): warning : The referenced project 'F:/pcl_source_1.7.2/build_pcl_master/visualization/tools/pcl_pcd_image_viewer.vcxproj' does not exist.
     1>C:\Program Files (x86)\MSBuild\12.0\bin\Microsoft.Common.CurrentVersion.targets(1492,5): warning : The referenced project 'F:/pcl_source_1.7.2/build_pcl_master/io/tools/pcl_pcd_introduce_nan.vcxproj' does not exist.
     1>C:\Program Files (x86)\MSBuild\12.0\bin\Microsoft.Common.CurrentVersion.targets(1492,5): warning : The referenced project 'F:/pcl_source_1.7.2/build_pcl_master/apps/pcl_pcd_organized_edge_detection.vcxproj' does not exist.
     1>C:\Program Files (x86)\MSBuild\12.0\bin\Microsoft.Common.CurrentVersion.targets(1492,5): warning : The referenced project 'F:/pcl_source_1.7.2/build_pcl_master/apps/pcl_pcd_organized_multi_plane_segmentation.vcxproj' does not exist.
     1>C:\Program Files (x86)\MSBuild\12.0\bin\Microsoft.Common.CurrentVersion.targets(1492,5): warning : The referenced project 'F:/pcl_source_1.7.2/build_pcl_master/apps/pcl_pcd_select_object_plane.vcxproj' does not exist.
     1>C:\Program Files (x86)\MSBuild\12.0\bin\Microsoft.Common.CurrentVersion.targets(1492,5): warning : The referenced project 'F:/pcl_source_1.7.2/build_pcl_master/apps/pcl_pcd_video_player.vcxproj' does not exist.
     1>C:\Program Files (x86)\MSBuild\12.0\bin\Microsoft.Common.CurrentVersion.targets(1492,5): warning : The referenced project 'F:/pcl_source_1.7.2/build_pcl_master/tools/pcl_pclzf2pcd.vcxproj' does not exist.
     1>C:\Program Files (x86)\MSBuild\12.0\bin\Microsoft.Common.CurrentVersion.targets(1492,5): warning : The referenced project 'F:/pcl_source_1.7.2/build_pcl_master/people/pcl_people.vcxproj' does not exist.
     1>C:\Program Files (x86)\MSBuild\12.0\bin\Microsoft.Common.CurrentVersion.targets(1492,5): warning : The referenced project 'F:/pcl_source_1.7.2/build_pcl_master/tools/pcl_plane_projection.vcxproj' does not exist.
     1>C:\Program Files (x86)\MSBuild\12.0\bin\Microsoft.Common.CurrentVersion.targets(1492,5): warning : The referenced project 'F:/pcl_source_1.7.2/build_pcl_master/io/tools/ply/pcl_ply2obj.vcxproj' does not exist.
     1>C:\Program Files (x86)\MSBuild\12.0\bin\Microsoft.Common.CurrentVersion.targets(1492,5): warning : The referenced project 'F:/pcl_source_1.7.2/build_pcl_master/tools/pcl_ply2pcd.vcxproj' does not exist.
     1>C:\Program Files (x86)\MSBuild\12.0\bin\Microsoft.Common.CurrentVersion.targets(1492,5): warning : The referenced project 'F:/pcl_source_1.7.2/build_pcl_master/io/tools/ply/pcl_ply2ply.vcxproj' does not exist.
     1>C:\Program Files (x86)\MSBuild\12.0\bin\Microsoft.Common.CurrentVersion.targets(1492,5): warning : The referenced project 'F:/pcl_source_1.7.2/build_pcl_master/io/tools/ply/pcl_ply2raw.vcxproj' does not exist.
     1>C:\Program Files (x86)\MSBuild\12.0\bin\Microsoft.Common.CurrentVersion.targets(1492,5): warning : The referenced project 'F:/pcl_source_1.7.2/build_pcl_master/tools/pcl_ply2vtk.vcxproj' does not exist.
     1>C:\Program Files (x86)\MSBuild\12.0\bin\Microsoft.Common.CurrentVersion.targets(1492,5): warning : The referenced project 'F:/pcl_source_1.7.2/build_pcl_master/io/tools/ply/pcl_plyheader.vcxproj' does not exist.
     1>C:\Program Files (x86)\MSBuild\12.0\bin\Microsoft.Common.CurrentVersion.targets(1492,5): warning : The referenced project 'F:/pcl_source_1.7.2/build_pcl_master/tools/pcl_png2pcd.vcxproj' does not exist.
     1>C:\Program Files (x86)\MSBuild\12.0\bin\Microsoft.Common.CurrentVersion.targets(1492,5): warning : The referenced project 'F:/pcl_source_1.7.2/build_pcl_master/tools/pcl_poisson_reconstruction.vcxproj' does not exist.
     1>C:\Program Files (x86)\MSBuild\12.0\bin\Microsoft.Common.CurrentVersion.targets(1492,5): warning : The referenced project 'F:/pcl_source_1.7.2/build_pcl_master/apps/pcl_ppf_object_recognition.vcxproj' does not exist.
     1>C:\Program Files (x86)\MSBuild\12.0\bin\Microsoft.Common.CurrentVersion.targets(1492,5): warning : The referenced project 'F:/pcl_source_1.7.2/build_pcl_master/tools/pcl_progressive_morphological_filter.vcxproj' does not exist.
     1>C:\Program Files (x86)\MSBuild\12.0\bin\Microsoft.Common.CurrentVersion.targets(1492,5): warning : The referenced project 'F:/pcl_source_1.7.2/build_pcl_master/apps/pcl_pyramid_surface_matching.vcxproj' does not exist.
     1>C:\Program Files (x86)\MSBuild\12.0\bin\Microsoft.Common.CurrentVersion.targets(1492,5): warning : The referenced project 'F:/pcl_source_1.7.2/build_pcl_master/tools/pcl_radius_filter.vcxproj' does not exist.
     1>C:\Program Files (x86)\MSBuild\12.0\bin\Microsoft.Common.CurrentVersion.targets(1492,5): warning : The referenced project 'F:/pcl_source_1.7.2/build_pcl_master/recognition/pcl_recognition.vcxproj' does not exist.
     1>C:\Program Files (x86)\MSBuild\12.0\bin\Microsoft.Common.CurrentVersion.targets(1492,5): warning : The referenced project 'F:/pcl_source_1.7.2/build_pcl_master/registration/pcl_registration.vcxproj' does not exist.
     1>C:\Program Files (x86)\MSBuild\12.0\bin\Microsoft.Common.CurrentVersion.targets(1492,5): warning : The referenced project 'F:/pcl_source_1.7.2/build_pcl_master/tools/pcl_registration_visualizer.vcxproj' does not exist.
     1>C:\Program Files (x86)\MSBuild\12.0\bin\Microsoft.Common.CurrentVersion.targets(1492,5): warning : The referenced project 'F:/pcl_source_1.7.2/build_pcl_master/tools/pcl_sac_segmentation_plane.vcxproj' does not exist.
     1>C:\Program Files (x86)\MSBuild\12.0\bin\Microsoft.Common.CurrentVersion.targets(1492,5): warning : The referenced project 'F:/pcl_source_1.7.2/build_pcl_master/sample_consensus/pcl_sample_consensus.vcxproj' does not exist.
     1>C:\Program Files (x86)\MSBuild\12.0\bin\Microsoft.Common.CurrentVersion.targets(1492,5): warning : The referenced project 'F:/pcl_source_1.7.2/build_pcl_master/search/pcl_search.vcxproj' does not exist.
     1>C:\Program Files (x86)\MSBuild\12.0\bin\Microsoft.Common.CurrentVersion.targets(1492,5): warning : The referenced project 'F:/pcl_source_1.7.2/build_pcl_master/segmentation/pcl_segmentation.vcxproj' does not exist.
     1>C:\Program Files (x86)\MSBuild\12.0\bin\Microsoft.Common.CurrentVersion.targets(1492,5): warning : The referenced project 'F:/pcl_source_1.7.2/build_pcl_master/tools/pcl_spin_estimation.vcxproj' does not exist.
     1>C:\Program Files (x86)\MSBuild\12.0\bin\Microsoft.Common.CurrentVersion.targets(1492,5): warning : The referenced project 'F:/pcl_source_1.7.2/build_pcl_master/apps/pcl_statistical_multiscale_interest_region_extraction_example.vcxproj' does not exist.
     1>C:\Program Files (x86)\MSBuild\12.0\bin\Microsoft.Common.CurrentVersion.targets(1492,5): warning : The referenced project 'F:/pcl_source_1.7.2/build_pcl_master/stereo/pcl_stereo.vcxproj' does not exist.
     1>C:\Program Files (x86)\MSBuild\12.0\bin\Microsoft.Common.CurrentVersion.targets(1492,5): warning : The referenced project 'F:/pcl_source_1.7.2/build_pcl_master/apps/pcl_stereo_ground_segmentation.vcxproj' does not exist.
     1>C:\Program Files (x86)\MSBuild\12.0\bin\Microsoft.Common.CurrentVersion.targets(1492,5): warning : The referenced project 'F:/pcl_source_1.7.2/build_pcl_master/surface/pcl_surface.vcxproj' does not exist.
     1>C:\Program Files (x86)\MSBuild\12.0\bin\Microsoft.Common.CurrentVersion.targets(1492,5): warning : The referenced project 'F:/pcl_source_1.7.2/build_pcl_master/apps/pcl_surfel_smoothing_test.vcxproj' does not exist.
     1>C:\Program Files (x86)\MSBuild\12.0\bin\Microsoft.Common.CurrentVersion.targets(1492,5): warning : The referenced project 'F:/pcl_source_1.7.2/build_pcl_master/apps/pcl_test_search_speed.vcxproj' does not exist.
     1>C:\Program Files (x86)\MSBuild\12.0\bin\Microsoft.Common.CurrentVersion.targets(1492,5): warning : The referenced project 'F:/pcl_source_1.7.2/build_pcl_master/tools/pcl_tiff2pcd.vcxproj' does not exist.
     1>C:\Program Files (x86)\MSBuild\12.0\bin\Microsoft.Common.CurrentVersion.targets(1492,5): warning : The referenced project 'F:/pcl_source_1.7.2/build_pcl_master/visualization/tools/pcl_timed_trigger_test.vcxproj' does not exist.
     1>C:\Program Files (x86)\MSBuild\12.0\bin\Microsoft.Common.CurrentVersion.targets(1492,5): warning : The referenced project 'F:/pcl_source_1.7.2/build_pcl_master/tracking/pcl_tracking.vcxproj' does not exist.
     1>C:\Program Files (x86)\MSBuild\12.0\bin\Microsoft.Common.CurrentVersion.targets(1492,5): warning : The referenced project 'F:/pcl_source_1.7.2/build_pcl_master/tools/pcl_train_linemod_template.vcxproj' does not exist.
     1>C:\Program Files (x86)\MSBuild\12.0\bin\Microsoft.Common.CurrentVersion.targets(1492,5): warning : The referenced project 'F:/pcl_source_1.7.2/build_pcl_master/tools/pcl_train_unary_classifier.vcxproj' does not exist.
     1>C:\Program Files (x86)\MSBuild\12.0\bin\Microsoft.Common.CurrentVersion.targets(1492,5): warning : The referenced project 'F:/pcl_source_1.7.2/build_pcl_master/tools/pcl_transform_from_viewpoint.vcxproj' does not exist.
     1>C:\Program Files (x86)\MSBuild\12.0\bin\Microsoft.Common.CurrentVersion.targets(1492,5): warning : The referenced project 'F:/pcl_source_1.7.2/build_pcl_master/tools/pcl_transform_point_cloud.vcxproj' does not exist.
     1>C:\Program Files (x86)\MSBuild\12.0\bin\Microsoft.Common.CurrentVersion.targets(1492,5): warning : The referenced project 'F:/pcl_source_1.7.2/build_pcl_master/tools/pcl_unary_classifier_segment.vcxproj' does not exist.
     1>C:\Program Files (x86)\MSBuild\12.0\bin\Microsoft.Common.CurrentVersion.targets(1492,5): warning : The referenced project 'F:/pcl_source_1.7.2/build_pcl_master/tools/pcl_uniform_sampling.vcxproj' does not exist.
     1>C:\Program Files (x86)\MSBuild\12.0\bin\Microsoft.Common.CurrentVersion.targets(1492,5): warning : The referenced project 'F:/pcl_source_1.7.2/build_pcl_master/tools/pcl_vfh_estimation.vcxproj' does not exist.
     1>C:\Program Files (x86)\MSBuild\12.0\bin\Microsoft.Common.CurrentVersion.targets(1492,5): warning : The referenced project 'F:/pcl_source_1.7.2/build_pcl_master/visualization/tools/pcl_viewer.vcxproj' does not exist.
     1>C:\Program Files (x86)\MSBuild\12.0\bin\Microsoft.Common.CurrentVersion.targets(1492,5): warning : The referenced project 'F:/pcl_source_1.7.2/build_pcl_master/tools/pcl_virtual_scanner.vcxproj' does not exist.
     1>C:\Program Files (x86)\MSBuild\12.0\bin\Microsoft.Common.CurrentVersion.targets(1492,5): warning : The referenced project 'F:/pcl_source_1.7.2/build_pcl_master/visualization/pcl_visualization.vcxproj' does not exist.
     1>C:\Program Files (x86)\MSBuild\12.0\bin\Microsoft.Common.CurrentVersion.targets(1492,5): warning : The referenced project 'F:/pcl_source_1.7.2/build_pcl_master/visualization/tools/pcl_vlp_viewer.vcxproj' does not exist.
     1>C:\Program Files (x86)\MSBuild\12.0\bin\Microsoft.Common.CurrentVersion.targets(1492,5): warning : The referenced project 'F:/pcl_source_1.7.2/build_pcl_master/tools/pcl_voxel_grid.vcxproj' does not exist.
     1>C:\Program Files (x86)\MSBuild\12.0\bin\Microsoft.Common.CurrentVersion.targets(1492,5): warning : The referenced project 'F:/pcl_source_1.7.2/build_pcl_master/tools/pcl_voxel_grid_occlusion_estimation.vcxproj' does not exist.
     1>C:\Program Files (x86)\MSBuild\12.0\bin\Microsoft.Common.CurrentVersion.targets(1492,5): warning : The referenced project 'F:/pcl_source_1.7.2/build_pcl_master/tools/pcl_vtk2obj.vcxproj' does not exist.
     1>C:\Program Files (x86)\MSBuild\12.0\bin\Microsoft.Common.CurrentVersion.targets(1492,5): warning : The referenced project 'F:/pcl_source_1.7.2/build_pcl_master/tools/pcl_vtk2pcd.vcxproj' does not exist.
     1>C:\Program Files (x86)\MSBuild\12.0\bin\Microsoft.Common.CurrentVersion.targets(1492,5): warning : The referenced project 'F:/pcl_source_1.7.2/build_pcl_master/tools/pcl_vtk2ply.vcxproj' does not exist.
     1>C:\Program Files (x86)\MSBuild\12.0\bin\Microsoft.Common.CurrentVersion.targets(1492,5): warning : The referenced project 'F:/pcl_source_1.7.2/build_pcl_master/tools/pcl_xyz2pcd.vcxproj' does not exist.
     1>C:\Program Files (x86)\MSBuild\Microsoft.Cpp\v4.0\V120\Microsoft.CppBuild.targets(1000,5): error MSB3191: Unable to create directory "F:\pcl_source_1.7.2\build_pcl_master\CMakeFiles\". Could not find a part of the path 'F:\pcl_source_1.7.2\build_pcl_master\CMakeFiles\'.
     1>Done Building Project "D:\gitHub\GuangPoRepository\pcl_source_1.7.2\build_pcl_master\ALL_BUILD.vcxproj" (Build target(s)) -- FAILED.

Build FAILED.

Time Elapsed 00:00:00.06
