Build started 2020/3/11 16:10:02.
     1>Project "D:\gitHub\GuangPoRepository\pcl_source_1.7.2\build_pcl_master\ZERO_CHECK.vcxproj" on node 2 (Build target(s)).
     1>C:\Program Files (x86)\MSBuild\Microsoft.Cpp\v4.0\V120\Microsoft.CppBuild.targets(1000,5): error MSB3191: Unable to create directory "F:\pcl_source_1.7.2\build_pcl_master\CMakeFiles\". Could not find a part of the path 'F:\pcl_source_1.7.2\build_pcl_master\CMakeFiles\'.
     1>C:\Program Files (x86)\MSBuild\Microsoft.Cpp\v4.0\V120\Microsoft.CppBuild.targets(1000,5): error MSB3191: Unable to create directory "F:\pcl_source_1.7.2\build_pcl_master\common\CMakeFiles\". Could not find a part of the path 'F:\pcl_source_1.7.2\build_pcl_master\common\CMakeFiles\'.
     1>C:\Program Files (x86)\MSBuild\Microsoft.Cpp\v4.0\V120\Microsoft.CppBuild.targets(1000,5): error MSB3191: Unable to create directory "F:\pcl_source_1.7.2\build_pcl_master\kdtree\CMakeFiles\". Could not find a part of the path 'F:\pcl_source_1.7.2\build_pcl_master\kdtree\CMakeFiles\'.
     1>C:\Program Files (x86)\MSBuild\Microsoft.Cpp\v4.0\V120\Microsoft.CppBuild.targets(1000,5): error MSB3191: Unable to create directory "F:\pcl_source_1.7.2\build_pcl_master\octree\CMakeFiles\". Could not find a part of the path 'F:\pcl_source_1.7.2\build_pcl_master\octree\CMakeFiles\'.
     1>C:\Program Files (x86)\MSBuild\Microsoft.Cpp\v4.0\V120\Microsoft.CppBuild.targets(1000,5): error MSB3191: Unable to create directory "F:\pcl_source_1.7.2\build_pcl_master\search\CMakeFiles\". Could not find a part of the path 'F:\pcl_source_1.7.2\build_pcl_master\search\CMakeFiles\'.
     1>C:\Program Files (x86)\MSBuild\Microsoft.Cpp\v4.0\V120\Microsoft.CppBuild.targets(1000,5): error MSB3191: Unable to create directory "F:\pcl_source_1.7.2\build_pcl_master\sample_consensus\CMakeFiles\". Could not find a part of the path 'F:\pcl_source_1.7.2\build_pcl_master\sample_consensus\CMakeFiles\'.
     1>C:\Program Files (x86)\MSBuild\Microsoft.Cpp\v4.0\V120\Microsoft.CppBuild.targets(1000,5): error MSB3191: Unable to create directory "F:\pcl_source_1.7.2\build_pcl_master\filters\CMakeFiles\". Could not find a part of the path 'F:\pcl_source_1.7.2\build_pcl_master\filters\CMakeFiles\'.
     1>C:\Program Files (x86)\MSBuild\Microsoft.Cpp\v4.0\V120\Microsoft.CppBuild.targets(1000,5): error MSB3191: Unable to create directory "F:\pcl_source_1.7.2\build_pcl_master\2d\CMakeFiles\". Could not find a part of the path 'F:\pcl_source_1.7.2\build_pcl_master\2d\CMakeFiles\'.
     1>C:\Program Files (x86)\MSBuild\Microsoft.Cpp\v4.0\V120\Microsoft.CppBuild.targets(1000,5): error MSB3191: Unable to create directory "F:\pcl_source_1.7.2\build_pcl_master\geometry\CMakeFiles\". Could not find a part of the path 'F:\pcl_source_1.7.2\build_pcl_master\geometry\CMakeFiles\'.
     1>C:\Program Files (x86)\MSBuild\Microsoft.Cpp\v4.0\V120\Microsoft.CppBuild.targets(1000,5): error MSB3191: Unable to create directory "F:\pcl_source_1.7.2\build_pcl_master\io\CMakeFiles\". Could not find a part of the path 'F:\pcl_source_1.7.2\build_pcl_master\io\CMakeFiles\'.
     1>C:\Program Files (x86)\MSBuild\Microsoft.Cpp\v4.0\V120\Microsoft.CppBuild.targets(1000,5): error MSB3191: Unable to create directory "F:\pcl_source_1.7.2\build_pcl_master\io\tools\CMakeFiles\". Could not find a part of the path 'F:\pcl_source_1.7.2\build_pcl_master\io\tools\CMakeFiles\'.
     1>C:\Program Files (x86)\MSBuild\Microsoft.Cpp\v4.0\V120\Microsoft.CppBuild.targets(1000,5): error MSB3191: Unable to create directory "F:\pcl_source_1.7.2\build_pcl_master\io\tools\ply\CMakeFiles\". Could not find a part of the path 'F:\pcl_source_1.7.2\build_pcl_master\io\tools\ply\CMakeFiles\'.
     1>C:\Program Files (x86)\MSBuild\Microsoft.Cpp\v4.0\V120\Microsoft.CppBuild.targets(1000,5): error MSB3191: Unable to create directory "F:\pcl_source_1.7.2\build_pcl_master\features\CMakeFiles\". Could not find a part of the path 'F:\pcl_source_1.7.2\build_pcl_master\features\CMakeFiles\'.
     1>C:\Program Files (x86)\MSBuild\Microsoft.Cpp\v4.0\V120\Microsoft.CppBuild.targets(1000,5): error MSB3191: Unable to create directory "F:\pcl_source_1.7.2\build_pcl_master\ml\CMakeFiles\". Could not find a part of the path 'F:\pcl_source_1.7.2\build_pcl_master\ml\CMakeFiles\'.
     1>C:\Program Files (x86)\MSBuild\Microsoft.Cpp\v4.0\V120\Microsoft.CppBuild.targets(1000,5): error MSB3191: Unable to create directory "F:\pcl_source_1.7.2\build_pcl_master\segmentation\CMakeFiles\". Could not find a part of the path 'F:\pcl_source_1.7.2\build_pcl_master\segmentation\CMakeFiles\'.
     1>C:\Program Files (x86)\MSBuild\Microsoft.Cpp\v4.0\V120\Microsoft.CppBuild.targets(1000,5): error MSB3191: Unable to create directory "F:\pcl_source_1.7.2\build_pcl_master\visualization\CMakeFiles\". Could not find a part of the path 'F:\pcl_source_1.7.2\build_pcl_master\visualization\CMakeFiles\'.
     1>C:\Program Files (x86)\MSBuild\Microsoft.Cpp\v4.0\V120\Microsoft.CppBuild.targets(1000,5): error MSB3191: Unable to create directory "F:\pcl_source_1.7.2\build_pcl_master\visualization\tools\CMakeFiles\". Could not find a part of the path 'F:\pcl_source_1.7.2\build_pcl_master\visualization\tools\CMakeFiles\'.
     1>C:\Program Files (x86)\MSBuild\Microsoft.Cpp\v4.0\V120\Microsoft.CppBuild.targets(1000,5): error MSB3191: Unable to create directory "F:\pcl_source_1.7.2\build_pcl_master\surface\CMakeFiles\". Could not find a part of the path 'F:\pcl_source_1.7.2\build_pcl_master\surface\CMakeFiles\'.
     1>C:\Program Files (x86)\MSBuild\Microsoft.Cpp\v4.0\V120\Microsoft.CppBuild.targets(1000,5): error MSB3191: Unable to create directory "F:\pcl_source_1.7.2\build_pcl_master\registration\CMakeFiles\". Could not find a part of the path 'F:\pcl_source_1.7.2\build_pcl_master\registration\CMakeFiles\'.
     1>C:\Program Files (x86)\MSBuild\Microsoft.Cpp\v4.0\V120\Microsoft.CppBuild.targets(1000,5): error MSB3191: Unable to create directory "F:\pcl_source_1.7.2\build_pcl_master\keypoints\CMakeFiles\". Could not find a part of the path 'F:\pcl_source_1.7.2\build_pcl_master\keypoints\CMakeFiles\'.
     1>C:\Program Files (x86)\MSBuild\Microsoft.Cpp\v4.0\V120\Microsoft.CppBuild.targets(1000,5): error MSB3191: Unable to create directory "F:\pcl_source_1.7.2\build_pcl_master\tracking\CMakeFiles\". Could not find a part of the path 'F:\pcl_source_1.7.2\build_pcl_master\tracking\CMakeFiles\'.
     1>C:\Program Files (x86)\MSBuild\Microsoft.Cpp\v4.0\V120\Microsoft.CppBuild.targets(1000,5): error MSB3191: Unable to create directory "F:\pcl_source_1.7.2\build_pcl_master\recognition\CMakeFiles\". Could not find a part of the path 'F:\pcl_source_1.7.2\build_pcl_master\recognition\CMakeFiles\'.
     1>C:\Program Files (x86)\MSBuild\Microsoft.Cpp\v4.0\V120\Microsoft.CppBuild.targets(1000,5): error MSB3191: Unable to create directory "F:\pcl_source_1.7.2\build_pcl_master\stereo\CMakeFiles\". Could not find a part of the path 'F:\pcl_source_1.7.2\build_pcl_master\stereo\CMakeFiles\'.
     1>C:\Program Files (x86)\MSBuild\Microsoft.Cpp\v4.0\V120\Microsoft.CppBuild.targets(1000,5): error MSB3191: Unable to create directory "F:\pcl_source_1.7.2\build_pcl_master\apps\CMakeFiles\". Could not find a part of the path 'F:\pcl_source_1.7.2\build_pcl_master\apps\CMakeFiles\'.
     1>C:\Program Files (x86)\MSBuild\Microsoft.Cpp\v4.0\V120\Microsoft.CppBuild.targets(1000,5): error MSB3191: Unable to create directory "F:\pcl_source_1.7.2\build_pcl_master\apps\3d_rec_framework\CMakeFiles\". Could not find a part of the path 'F:\pcl_source_1.7.2\build_pcl_master\apps\3d_rec_framework\CMakeFiles\'.
     1>C:\Program Files (x86)\MSBuild\Microsoft.Cpp\v4.0\V120\Microsoft.CppBuild.targets(1000,5): error MSB3191: Unable to create directory "F:\pcl_source_1.7.2\build_pcl_master\apps\cloud_composer\CMakeFiles\". Could not find a part of the path 'F:\pcl_source_1.7.2\build_pcl_master\apps\cloud_composer\CMakeFiles\'.
     1>C:\Program Files (x86)\MSBuild\Microsoft.Cpp\v4.0\V120\Microsoft.CppBuild.targets(1000,5): error MSB3191: Unable to create directory "F:\pcl_source_1.7.2\build_pcl_master\apps\in_hand_scanner\CMakeFiles\". Could not find a part of the path 'F:\pcl_source_1.7.2\build_pcl_master\apps\in_hand_scanner\CMakeFiles\'.
     1>C:\Program Files (x86)\MSBuild\Microsoft.Cpp\v4.0\V120\Microsoft.CppBuild.targets(1000,5): error MSB3191: Unable to create directory "F:\pcl_source_1.7.2\build_pcl_master\apps\modeler\CMakeFiles\". Could not find a part of the path 'F:\pcl_source_1.7.2\build_pcl_master\apps\modeler\CMakeFiles\'.
     1>C:\Program Files (x86)\MSBuild\Microsoft.Cpp\v4.0\V120\Microsoft.CppBuild.targets(1000,5): error MSB3191: Unable to create directory "F:\pcl_source_1.7.2\build_pcl_master\apps\optronic_viewer\CMakeFiles\". Could not find a part of the path 'F:\pcl_source_1.7.2\build_pcl_master\apps\optronic_viewer\CMakeFiles\'.
     1>C:\Program Files (x86)\MSBuild\Microsoft.Cpp\v4.0\V120\Microsoft.CppBuild.targets(1000,5): error MSB3191: Unable to create directory "F:\pcl_source_1.7.2\build_pcl_master\apps\point_cloud_editor\CMakeFiles\". Could not find a part of the path 'F:\pcl_source_1.7.2\build_pcl_master\apps\point_cloud_editor\CMakeFiles\'.
     1>C:\Program Files (x86)\MSBuild\Microsoft.Cpp\v4.0\V120\Microsoft.CppBuild.targets(1000,5): error MSB3191: Unable to create directory "F:\pcl_source_1.7.2\build_pcl_master\cuda\CMakeFiles\". Could not find a part of the path 'F:\pcl_source_1.7.2\build_pcl_master\cuda\CMakeFiles\'.
     1>C:\Program Files (x86)\MSBuild\Microsoft.Cpp\v4.0\V120\Microsoft.CppBuild.targets(1000,5): error MSB3191: Unable to create directory "F:\pcl_source_1.7.2\build_pcl_master\outofcore\CMakeFiles\". Could not find a part of the path 'F:\pcl_source_1.7.2\build_pcl_master\outofcore\CMakeFiles\'.
     1>C:\Program Files (x86)\MSBuild\Microsoft.Cpp\v4.0\V120\Microsoft.CppBuild.targets(1000,5): error MSB3191: Unable to create directory "F:\pcl_source_1.7.2\build_pcl_master\outofcore\tools\CMakeFiles\". Could not find a part of the path 'F:\pcl_source_1.7.2\build_pcl_master\outofcore\tools\CMakeFiles\'.
     1>C:\Program Files (x86)\MSBuild\Microsoft.Cpp\v4.0\V120\Microsoft.CppBuild.targets(1000,5): error MSB3191: Unable to create directory "F:\pcl_source_1.7.2\build_pcl_master\examples\CMakeFiles\". Could not find a part of the path 'F:\pcl_source_1.7.2\build_pcl_master\examples\CMakeFiles\'.
     1>C:\Program Files (x86)\MSBuild\Microsoft.Cpp\v4.0\V120\Microsoft.CppBuild.targets(1000,5): error MSB3191: Unable to create directory "F:\pcl_source_1.7.2\build_pcl_master\examples\common\CMakeFiles\". Could not find a part of the path 'F:\pcl_source_1.7.2\build_pcl_master\examples\common\CMakeFiles\'.
     1>C:\Program Files (x86)\MSBuild\Microsoft.Cpp\v4.0\V120\Microsoft.CppBuild.targets(1000,5): error MSB3191: Unable to create directory "F:\pcl_source_1.7.2\build_pcl_master\examples\features\CMakeFiles\". Could not find a part of the path 'F:\pcl_source_1.7.2\build_pcl_master\examples\features\CMakeFiles\'.
     1>C:\Program Files (x86)\MSBuild\Microsoft.Cpp\v4.0\V120\Microsoft.CppBuild.targets(1000,5): error MSB3191: Unable to create directory "F:\pcl_source_1.7.2\build_pcl_master\examples\filters\CMakeFiles\". Could not find a part of the path 'F:\pcl_source_1.7.2\build_pcl_master\examples\filters\CMakeFiles\'.
     1>C:\Program Files (x86)\MSBuild\Microsoft.Cpp\v4.0\V120\Microsoft.CppBuild.targets(1000,5): error MSB3191: Unable to create directory "F:\pcl_source_1.7.2\build_pcl_master\examples\geometry\CMakeFiles\". Could not find a part of the path 'F:\pcl_source_1.7.2\build_pcl_master\examples\geometry\CMakeFiles\'.
     1>C:\Program Files (x86)\MSBuild\Microsoft.Cpp\v4.0\V120\Microsoft.CppBuild.targets(1000,5): error MSB3191: Unable to create directory "F:\pcl_source_1.7.2\build_pcl_master\examples\keypoints\CMakeFiles\". Could not find a part of the path 'F:\pcl_source_1.7.2\build_pcl_master\examples\keypoints\CMakeFiles\'.
     1>C:\Program Files (x86)\MSBuild\Microsoft.Cpp\v4.0\V120\Microsoft.CppBuild.targets(1000,5): error MSB3191: Unable to create directory "F:\pcl_source_1.7.2\build_pcl_master\examples\outofcore\CMakeFiles\". Could not find a part of the path 'F:\pcl_source_1.7.2\build_pcl_master\examples\outofcore\CMakeFiles\'.
     1>C:\Program Files (x86)\MSBuild\Microsoft.Cpp\v4.0\V120\Microsoft.CppBuild.targets(1000,5): error MSB3191: Unable to create directory "F:\pcl_source_1.7.2\build_pcl_master\examples\segmentation\CMakeFiles\". Could not find a part of the path 'F:\pcl_source_1.7.2\build_pcl_master\examples\segmentation\CMakeFiles\'.
     1>C:\Program Files (x86)\MSBuild\Microsoft.Cpp\v4.0\V120\Microsoft.CppBuild.targets(1000,5): error MSB3191: Unable to create directory "F:\pcl_source_1.7.2\build_pcl_master\examples\stereo\CMakeFiles\". Could not find a part of the path 'F:\pcl_source_1.7.2\build_pcl_master\examples\stereo\CMakeFiles\'.
     1>C:\Program Files (x86)\MSBuild\Microsoft.Cpp\v4.0\V120\Microsoft.CppBuild.targets(1000,5): error MSB3191: Unable to create directory "F:\pcl_source_1.7.2\build_pcl_master\examples\surface\CMakeFiles\". Could not find a part of the path 'F:\pcl_source_1.7.2\build_pcl_master\examples\surface\CMakeFiles\'.
     1>C:\Program Files (x86)\MSBuild\Microsoft.Cpp\v4.0\V120\Microsoft.CppBuild.targets(1000,5): error MSB3191: Unable to create directory "F:\pcl_source_1.7.2\build_pcl_master\gpu\CMakeFiles\". Could not find a part of the path 'F:\pcl_source_1.7.2\build_pcl_master\gpu\CMakeFiles\'.
     1>C:\Program Files (x86)\MSBuild\Microsoft.Cpp\v4.0\V120\Microsoft.CppBuild.targets(1000,5): error MSB3191: Unable to create directory "F:\pcl_source_1.7.2\build_pcl_master\people\CMakeFiles\". Could not find a part of the path 'F:\pcl_source_1.7.2\build_pcl_master\people\CMakeFiles\'.
     1>C:\Program Files (x86)\MSBuild\Microsoft.Cpp\v4.0\V120\Microsoft.CppBuild.targets(1000,5): error MSB3191: Unable to create directory "F:\pcl_source_1.7.2\build_pcl_master\simulation\CMakeFiles\". Could not find a part of the path 'F:\pcl_source_1.7.2\build_pcl_master\simulation\CMakeFiles\'.
     1>C:\Program Files (x86)\MSBuild\Microsoft.Cpp\v4.0\V120\Microsoft.CppBuild.targets(1000,5): error MSB3191: Unable to create directory "F:\pcl_source_1.7.2\build_pcl_master\test\CMakeFiles\". Could not find a part of the path 'F:\pcl_source_1.7.2\build_pcl_master\test\CMakeFiles\'.
     1>C:\Program Files (x86)\MSBuild\Microsoft.Cpp\v4.0\V120\Microsoft.CppBuild.targets(1000,5): error MSB3191: Unable to create directory "F:\pcl_source_1.7.2\build_pcl_master\tools\CMakeFiles\". Could not find a part of the path 'F:\pcl_source_1.7.2\build_pcl_master\tools\CMakeFiles\'.
     1>C:\Program Files (x86)\MSBuild\Microsoft.Cpp\v4.0\V120\Microsoft.CppBuild.targets(1000,5): error MSB3191: Unable to create directory "F:\pcl_source_1.7.2\build_pcl_master\doc\CMakeFiles\". Could not find a part of the path 'F:\pcl_source_1.7.2\build_pcl_master\doc\CMakeFiles\'.
     1>C:\Program Files (x86)\MSBuild\Microsoft.Cpp\v4.0\V120\Microsoft.CppBuild.targets(1000,5): error MSB3191: Unable to create directory "F:\pcl_source_1.7.2\build_pcl_master\doc\doxygen\CMakeFiles\". Could not find a part of the path 'F:\pcl_source_1.7.2\build_pcl_master\doc\doxygen\CMakeFiles\'.
     1>C:\Program Files (x86)\MSBuild\Microsoft.Cpp\v4.0\V120\Microsoft.CppBuild.targets(1000,5): error MSB3191: Unable to create directory "F:\pcl_source_1.7.2\build_pcl_master\doc\advanced\CMakeFiles\". Could not find a part of the path 'F:\pcl_source_1.7.2\build_pcl_master\doc\advanced\CMakeFiles\'.
     1>C:\Program Files (x86)\MSBuild\Microsoft.Cpp\v4.0\V120\Microsoft.CppBuild.targets(1000,5): error MSB3191: Unable to create directory "F:\pcl_source_1.7.2\build_pcl_master\doc\tutorials\CMakeFiles\". Could not find a part of the path 'F:\pcl_source_1.7.2\build_pcl_master\doc\tutorials\CMakeFiles\'.
     1>Done Building Project "D:\gitHub\GuangPoRepository\pcl_source_1.7.2\build_pcl_master\ZERO_CHECK.vcxproj" (Build target(s)) -- FAILED.

Build FAILED.

Time Elapsed 00:00:00.03
